<?xml version="1.0" encoding="UTF-8"?>
<!-- Generated by org.testng.reporters.JUnitXMLReporter -->
<testsuite ignored="0" hostname="Bhagyarekha" failures="1" tests="1" name="FaceBookapp" time="4.194" errors="0" timestamp="2021-05-16T13:29:35 IST">
  <testcase classname="com.FaceBook.Testcases.TC_LoginPage_DDT_001" name="LoginTestDDT" time="0.0">
    <failure type="org.testng.TestNGException" message="
Method public void com.FaceBook.Testcases.TC_LoginPage_DDT_001.LoginTestDDT(java.lang.String,java.lang.String) throws java.lang.Exception requires a @DataProvider named : LogintestDDT">
      <![CDATA[org.testng.TestNGException: 
Method public void com.FaceBook.Testcases.TC_LoginPage_DDT_001.LoginTestDDT(java.lang.String,java.lang.String) throws java.lang.Exception requires a @DataProvider named : LogintestDDT
at java.base/java.util.ArrayList.forEach(ArrayList.java:1511)
... Removed 24 stack frames]]>
    </failure>
  </testcase> <!-- LoginTestDDT -->
</testsuite> <!-- FaceBookapp -->
